<testsuites id="" name="" tests="1" failures="0" skipped="0" errors="0" time="34.107820999999994">
<testsuite name="Rezervasyon.test.ts" timestamp="2023-11-10T11:12:41.397Z" hostname="chromium" tests="1" failures="0" skipped="0" time="33.557" errors="0">
<testcase name="Login with correct email and passwords" classname="Rezervasyon.test.ts" time="33.557">
<system-out>
<![CDATA[
[[ATTACHMENT|../test-results/Rezervasyon-Login-with-correct-email-and-passwords-chromium/video.webm]]

[[ATTACHMENT|../test-results/Rezervasyon-Login-with-correct-email-and-passwords-chromium/test-finished-1.png]]
]]>
</system-out>
</testcase>
</testsuite>
</testsuites>